<?xml version="1.0" encoding="UTF-8"?>
<!-- Generated by org.testng.reporters.JUnitReportReporter -->
<testsuite hostname="DESKTOP-2CV4BMU" name="com.cucumber.TestRunner.GoForGoldRunner" tests="1" failures="0" timestamp="23 Nov 2022 12:12:03 GMT" time="140.388" errors="0">
  <testcase name="feature" time="140.388" classname="com.cucumber.TestRunner.GoForGoldRunner"/>
</testsuite> <!-- com.cucumber.TestRunner.GoForGoldRunner -->
