<?xml version="1.0" encoding="UTF-8"?>
<!-- Generated by org.testng.reporters.JUnitReportReporter -->
<testsuite hostname="DESKTOP-DSBT63E" failures="0" tests="1" name="com.cucumber.TestRunner.UserApplicationTitleRunner" time="8.729" errors="0" timestamp="11 Dec 2023 17:12:35 GMT">
  <testcase classname="com.cucumber.TestRunner.UserApplicationTitleRunner" name="feature" time="8.729"/>
</testsuite> <!-- com.cucumber.TestRunner.UserApplicationTitleRunner -->
