<?xml version="1.0" encoding="UTF-8"?>
<!-- Generated by org.testng.reporters.JUnitReportReporter -->
<testsuite hostname="DESKTOP-2CV4BMU" name="com.cucumber.TestRunner.TeachermessageAdressBookSc_2Runner" tests="1" failures="0" timestamp="16 Nov 2022 06:28:47 GMT" time="86.691" errors="0">
  <testcase name="feature" time="86.691" classname="com.cucumber.TestRunner.TeachermessageAdressBookSc_2Runner"/>
</testsuite> <!-- com.cucumber.TestRunner.TeachermessageAdressBookSc_2Runner -->
