<?xml version="1.0" encoding="UTF-8"?>
<!-- Generated by org.testng.reporters.JUnitReportReporter -->
<testsuite hostname="DESKTOP-2CV4BMU" name="com.cucumber.TestRunner.MyGradeOtherInformationRunner" tests="1" failures="0" timestamp="16 Nov 2022 12:28:21 GMT" time="63.836" errors="0">
  <testcase name="feature" time="63.836" classname="com.cucumber.TestRunner.MyGradeOtherInformationRunner"/>
</testsuite> <!-- com.cucumber.TestRunner.MyGradeOtherInformationRunner -->
