<?xml version="1.0" encoding="UTF-8"?>
<!-- Generated by org.testng.reporters.JUnitReportReporter -->
<testsuite hostname="DESKTOP-2CV4BMU" name="com.cucumber.TestRunner.CDSActivityRunner" tests="1" failures="0" timestamp="7 Dec 2022 11:00:20 GMT" time="338.983" errors="0">
  <testcase name="feature" time="338.983" classname="com.cucumber.TestRunner.CDSActivityRunner"/>
</testsuite> <!-- com.cucumber.TestRunner.CDSActivityRunner -->
