<?xml version="1.0" encoding="UTF-8"?>
<!-- Generated by org.testng.reporters.JUnitReportReporter -->
<testsuite hostname="DESKTOP-DSBT63E" failures="0" tests="2" name="com.cucumber.TestRunner.ApprovalSettingsRunner" time="67.727" errors="0" timestamp="11 Dec 2023 17:12:35 GMT">
  <testcase classname="com.cucumber.TestRunner.ApprovalSettingsRunner" name="feature" time="34.289"/>
  <testcase classname="com.cucumber.TestRunner.ApprovalSettingsRunner" name="feature" time="33.438"/>
</testsuite> <!-- com.cucumber.TestRunner.ApprovalSettingsRunner -->
