<?xml version="1.0" encoding="UTF-8"?>
<!-- Generated by org.testng.reporters.JUnitReportReporter -->
<testsuite hostname="DESKTOP-2CV4BMU" name="com.cucumber.TestRunner.TeacherGradingApprovalRunner" tests="1" failures="0" timestamp="31 Oct 2022 10:37:32 GMT" time="58.529" errors="0">
  <testcase name="feature" time="58.529" classname="com.cucumber.TestRunner.TeacherGradingApprovalRunner"/>
</testsuite> <!-- com.cucumber.TestRunner.TeacherGradingApprovalRunner -->
