<?xml version="1.0" encoding="UTF-8"?>
<!-- Generated by org.testng.reporters.JUnitReportReporter -->
<testsuite hostname="DESKTOP-2CV4BMU" name="com.cucumber.TestRunner.DiagnosticandPreprogressTestsRunner" tests="1" failures="0" timestamp="16 Nov 2022 10:51:32 GMT" time="1042.805" errors="0">
  <testcase name="feature" time="1042.805" classname="com.cucumber.TestRunner.DiagnosticandPreprogressTestsRunner"/>
</testsuite> <!-- com.cucumber.TestRunner.DiagnosticandPreprogressTestsRunner -->
