<?xml version="1.0" encoding="UTF-8"?>
<!-- Generated by org.testng.reporters.JUnitReportReporter -->
<testsuite hostname="DESKTOP-2CV4BMU" name="com.cucumber.TestRunner.SelectCDSRunner" tests="1" failures="0" timestamp="28 Nov 2022 05:58:58 GMT" time="26.635" errors="0">
  <testcase name="feature" time="26.635" classname="com.cucumber.TestRunner.SelectCDSRunner"/>
</testsuite> <!-- com.cucumber.TestRunner.SelectCDSRunner -->
