<?xml version="1.0" encoding="UTF-8"?>
<!-- Generated by org.testng.reporters.JUnitReportReporter -->
<testsuite hostname="DESKTOP-2CV4BMU" name="com.cucumber.TestRunner.MyDayQuizRunner" tests="1" failures="0" timestamp="23 Nov 2022 09:36:51 GMT" time="189.260" errors="0">
  <testcase name="feature" time="189.260" classname="com.cucumber.TestRunner.MyDayQuizRunner"/>
</testsuite> <!-- com.cucumber.TestRunner.MyDayQuizRunner -->
