<?xml version="1.0" encoding="UTF-8"?>
<!-- Generated by org.testng.reporters.JUnitReportReporter -->
<testsuite hostname="DESKTOP-2CV4BMU" name="com.cucumber.TestRunner.HearMoreRunner" tests="1" failures="0" timestamp="23 Nov 2022 09:28:49 GMT" time="82.031" errors="0">
  <testcase name="feature" time="82.031" classname="com.cucumber.TestRunner.HearMoreRunner"/>
</testsuite> <!-- com.cucumber.TestRunner.HearMoreRunner -->
