<?xml version="1.0" encoding="UTF-8"?>
<!-- Generated by org.testng.reporters.JUnitReportReporter -->
<testsuite hostname="DESKTOP-2CV4BMU" name="com.cucumber.TestRunner.CdsTemplateRunner" tests="1" failures="0" timestamp="16 Nov 2022 07:54:30 GMT" time="29.347" errors="0">
  <testcase name="feature" time="29.347" classname="com.cucumber.TestRunner.CdsTemplateRunner"/>
</testsuite> <!-- com.cucumber.TestRunner.CdsTemplateRunner -->
