<?xml version="1.0" encoding="UTF-8"?>
<!-- Generated by org.testng.reporters.JUnitReportReporter -->
<testsuite hostname="DESKTOP-DSBT63E" failures="0" tests="1" name="com.cucumber.TestRunner.OrgSalesChangePasswordRunner" time="30.656" errors="0" timestamp="11 Dec 2023 17:12:35 GMT">
  <testcase classname="com.cucumber.TestRunner.OrgSalesChangePasswordRunner" name="feature" time="30.656"/>
</testsuite> <!-- com.cucumber.TestRunner.OrgSalesChangePasswordRunner -->
