<?xml version="1.0" encoding="UTF-8"?>
<!-- Generated by org.testng.reporters.JUnitReportReporter -->
<testsuite hostname="DESKTOP-BSJ2SF7" name="com.cucumber.TestRunner.studentInfoRunner" tests="1" failures="0" timestamp="1 Dec 2021 06:41:05 GMT" time="247.421" errors="0">
  <testcase name="feature" time="247.421" classname="com.cucumber.TestRunner.studentInfoRunner"/>
</testsuite> <!-- com.cucumber.TestRunner.studentInfoRunner -->
