<?xml version="1.0" encoding="UTF-8"?>
<!-- Generated by org.testng.reporters.JUnitReportReporter -->
<testsuite hostname="DESKTOP-2CV4BMU" name="com.cucumber.TestRunner.StudentMessageTeacherSc_5Runner" tests="1" failures="0" timestamp="16 Nov 2022 05:50:50 GMT" time="48.039" errors="0">
  <testcase name="feature" time="48.039" classname="com.cucumber.TestRunner.StudentMessageTeacherSc_5Runner"/>
</testsuite> <!-- com.cucumber.TestRunner.StudentMessageTeacherSc_5Runner -->
