<?xml version="1.0" encoding="UTF-8"?>
<!-- Generated by org.testng.reporters.JUnitReportReporter -->
<testsuite hostname="DESKTOP-H3BL2K3" failures="0" tests="1" name="com.cucumber.TestRunner.LoginRunner" time="14.895" errors="0" timestamp="2024-01-31T10:14:01 IST" skipped="0">
  <testcase classname="com.cucumber.TestRunner.LoginRunner" name="feature" time="14.895"/>
  <system-out>
    <![CDATA[About to begin executing following method : AbstractTestNGCucumberTests.feature
Completed executing following method : AbstractTestNGCucumberTests.feature
Test Method resides in com.cucumber.TestRunner.LoginRunner
Test Method had the following parameters : nullLogin - Check the flow of login with valid credentials,
Test Status: Pass]]>
  </system-out>
</testsuite> <!-- com.cucumber.TestRunner.LoginRunner -->
