<?xml version="1.0" encoding="UTF-8"?>
<!-- Generated by org.testng.reporters.JUnitReportReporter -->
<testsuite hostname="DESKTOP-2CV4BMU" name="com.cucumber.TestRunner.StudentMessageForwardSc_3Runner" tests="1" failures="0" timestamp="16 Nov 2022 05:50:50 GMT" time="65.711" errors="0">
  <testcase name="feature" time="65.711" classname="com.cucumber.TestRunner.StudentMessageForwardSc_3Runner"/>
</testsuite> <!-- com.cucumber.TestRunner.StudentMessageForwardSc_3Runner -->
