<?xml version="1.0" encoding="UTF-8"?>
<!-- Generated by org.testng.reporters.JUnitReportReporter -->
<testsuite hostname="DESKTOP-2CV4BMU" name="com.cucumber.TestRunner.Need2KnowRunner" tests="1" failures="0" timestamp="16 Nov 2022 07:54:30 GMT" time="132.204" errors="0">
  <testcase name="feature" time="132.204" classname="com.cucumber.TestRunner.Need2KnowRunner"/>
</testsuite> <!-- com.cucumber.TestRunner.Need2KnowRunner -->
