<?xml version="1.0" encoding="UTF-8"?>
<!-- Generated by org.testng.reporters.JUnitReportReporter -->
<testsuite hostname="DESKTOP-2CV4BMU" name="com.cucumber.TestRunner.AssessmentRunner" tests="1" failures="0" timestamp="7 Dec 2022 11:19:22 GMT" time="218.049" errors="0">
  <testcase name="feature" time="218.049" classname="com.cucumber.TestRunner.AssessmentRunner"/>
</testsuite> <!-- com.cucumber.TestRunner.AssessmentRunner -->
