<?xml version="1.0" encoding="UTF-8"?>
<!-- Generated by org.testng.reporters.JUnitReportReporter -->
<testsuite hostname="DESKTOP-2CV4BMU" name="com.cucumber.TestRunner.QuizRunner" tests="1" failures="0" timestamp="7 Dec 2022 11:00:20 GMT" time="185.338" errors="0">
  <testcase name="feature" time="185.338" classname="com.cucumber.TestRunner.QuizRunner"/>
</testsuite> <!-- com.cucumber.TestRunner.QuizRunner -->
