<?xml version="1.0" encoding="UTF-8"?>
<!-- Generated by org.testng.reporters.JUnitReportReporter -->
<testsuite hostname="DESKTOP-2CV4BMU" name="com.cucumber.TestRunner.DunkTankRunner" tests="1" failures="0" timestamp="23 Nov 2022 12:37:11 GMT" time="264.347" errors="0">
  <testcase name="feature" time="264.347" classname="com.cucumber.TestRunner.DunkTankRunner"/>
</testsuite> <!-- com.cucumber.TestRunner.DunkTankRunner -->
