<?xml version="1.0" encoding="UTF-8"?>
<!-- Generated by org.testng.reporters.JUnitReportReporter -->
<testsuite hostname="DESKTOP-2CV4BMU" name="com.cucumber.TestRunner.CourseBreadCrumbRunner" tests="1" failures="0" timestamp="17 Nov 2022 13:00:42 GMT" time="76.083" errors="0">
  <testcase name="feature" time="76.083" classname="com.cucumber.TestRunner.CourseBreadCrumbRunner"/>
</testsuite> <!-- com.cucumber.TestRunner.CourseBreadCrumbRunner -->
