<?xml version="1.0" encoding="UTF-8"?>
<!-- Generated by org.testng.reporters.JUnitReportReporter -->
<testsuite hostname="DESKTOP-2CV4BMU" name="com.cucumber.TestRunner.MatchManiaRunner" tests="1" failures="0" timestamp="23 Nov 2022 08:24:57 GMT" time="148.011" errors="0">
  <testcase name="feature" time="148.011" classname="com.cucumber.TestRunner.MatchManiaRunner"/>
</testsuite> <!-- com.cucumber.TestRunner.MatchManiaRunner -->
