<?xml version="1.0" encoding="UTF-8"?>
<!-- Generated by org.testng.reporters.JUnitReportReporter -->
<testsuite hostname="LAKSHMITEJA" name="com.cucumber.TestRunner.CL2plus1Runner" tests="1" failures="0" timestamp="9 May 2023 06:59:12 GMT" time="72.499" errors="0">
  <testcase name="feature" time="72.499" classname="com.cucumber.TestRunner.CL2plus1Runner"/>
</testsuite> <!-- com.cucumber.TestRunner.CL2plus1Runner -->
