<?xml version="1.0" encoding="UTF-8"?>
<!-- Generated by org.testng.reporters.JUnitReportReporter -->
<testsuite hostname="DESKTOP-2CV4BMU" name="com.cucumber.TestRunner.TeacherMessageForwardSc_5Runner" tests="1" failures="0" timestamp="16 Nov 2022 06:28:47 GMT" time="53.213" errors="0">
  <testcase name="feature" time="53.213" classname="com.cucumber.TestRunner.TeacherMessageForwardSc_5Runner"/>
</testsuite> <!-- com.cucumber.TestRunner.TeacherMessageForwardSc_5Runner -->
