<?xml version="1.0" encoding="UTF-8"?>
<!-- Generated by org.testng.reporters.JUnitReportReporter -->
<testsuite hostname="DESKTOP-2CV4BMU" name="com.cucumber.TestRunner.SystemAttendanceRunner" tests="1" failures="0" timestamp="18 Nov 2022 05:32:54 GMT" time="229.137" errors="0">
  <testcase name="feature" time="229.137" classname="com.cucumber.TestRunner.SystemAttendanceRunner"/>
</testsuite> <!-- com.cucumber.TestRunner.SystemAttendanceRunner -->
