<?xml version="1.0" encoding="UTF-8"?>
<!-- Generated by org.testng.reporters.JUnitReportReporter -->
<testsuite hostname="DESKTOP-2CV4BMU" name="com.cucumber.TestRunner.CourseMapBreadcrumbRunner" tests="1" failures="0" timestamp="17 Nov 2022 13:00:42 GMT" time="263.390" errors="0">
  <testcase name="feature" time="263.390" classname="com.cucumber.TestRunner.CourseMapBreadcrumbRunner"/>
</testsuite> <!-- com.cucumber.TestRunner.CourseMapBreadcrumbRunner -->
