<?xml version="1.0" encoding="UTF-8"?>
<!-- Generated by org.testng.reporters.JUnitReportReporter -->
<testsuite hostname="DESKTOP-2CV4BMU" name="com.cucumber.TestRunner.BrokenLinksinHomepageRunner" tests="1" failures="0" timestamp="28 Nov 2022 05:58:58 GMT" time="22.496" errors="0">
  <testcase name="feature" time="22.496" classname="com.cucumber.TestRunner.BrokenLinksinHomepageRunner"/>
</testsuite> <!-- com.cucumber.TestRunner.BrokenLinksinHomepageRunner -->
