<?xml version="1.0" encoding="UTF-8"?>
<!-- Generated by org.testng.reporters.JUnitReportReporter -->
<testsuite hostname="DESKTOP-2CV4BMU" name="com.cucumber.TestRunner.StudentMessageReplySc_4Runner" tests="1" failures="0" timestamp="16 Nov 2022 05:50:50 GMT" time="61.875" errors="0">
  <testcase name="feature" time="61.875" classname="com.cucumber.TestRunner.StudentMessageReplySc_4Runner"/>
</testsuite> <!-- com.cucumber.TestRunner.StudentMessageReplySc_4Runner -->
