<?xml version="1.0" encoding="UTF-8"?>
<!-- Generated by org.testng.reporters.JUnitReportReporter -->
<testsuite hostname="DESKTOP-2CV4BMU" name="com.cucumber.TestRunner.CourseAttendanceRunner" tests="1" failures="0" timestamp="18 Nov 2022 05:32:54 GMT" time="239.124" errors="0">
  <testcase name="feature" time="239.124" classname="com.cucumber.TestRunner.CourseAttendanceRunner"/>
</testsuite> <!-- com.cucumber.TestRunner.CourseAttendanceRunner -->
