<?xml version="1.0" encoding="UTF-8"?>
<!-- Generated by org.testng.reporters.JUnitReportReporter -->
<testsuite hostname="DESKTOP-2CV4BMU" name="com.cucumber.TestRunner.PostProgressTestRunner" tests="1" failures="0" timestamp="16 Nov 2022 10:51:32 GMT" time="353.310" errors="0">
  <testcase name="feature" time="353.310" classname="com.cucumber.TestRunner.PostProgressTestRunner"/>
</testsuite> <!-- com.cucumber.TestRunner.PostProgressTestRunner -->
