<?xml version="1.0" encoding="UTF-8"?>
<!-- Generated by org.testng.reporters.JUnitReportReporter -->
<testsuite hostname="DESKTOP-2CV4BMU" name="com.cucumber.TestRunner.ReviewAssessmentandExamRunner" tests="1" failures="0" timestamp="17 Nov 2022 08:36:06 GMT" time="908.061" errors="0">
  <testcase name="feature" time="908.061" classname="com.cucumber.TestRunner.ReviewAssessmentandExamRunner"/>
</testsuite> <!-- com.cucumber.TestRunner.ReviewAssessmentandExamRunner -->
