<?xml version="1.0" encoding="UTF-8"?>
<!-- Generated by org.testng.reporters.JUnitReportReporter -->
<testsuite hostname="DESKTOP-2CV4BMU" name="com.cucumber.TestRunner.TeacherCreateMessageStudentSc_1Runner" tests="1" failures="0" timestamp="16 Nov 2022 06:28:47 GMT" time="79.326" errors="0">
  <testcase name="feature" time="79.326" classname="com.cucumber.TestRunner.TeacherCreateMessageStudentSc_1Runner"/>
</testsuite> <!-- com.cucumber.TestRunner.TeacherCreateMessageStudentSc_1Runner -->
