<?xml version="1.0" encoding="UTF-8"?>
<!-- Generated by org.testng.reporters.JUnitReportReporter -->
<testsuite hostname="DESKTOP-2CV4BMU" name="com.cucumber.TestRunner.HyperLinksforEssentialInstructionRunner" tests="1" failures="0" timestamp="16 Nov 2022 05:34:53 GMT" time="668.372" errors="0">
  <testcase name="feature" time="668.372" classname="com.cucumber.TestRunner.HyperLinksforEssentialInstructionRunner"/>
</testsuite> <!-- com.cucumber.TestRunner.HyperLinksforEssentialInstructionRunner -->
