<?xml version="1.0" encoding="UTF-8"?>
<!-- Generated by org.testng.reporters.JUnitReportReporter -->
<testsuite hostname="DESKTOP-DSBT63E" failures="0" tests="1" name="com.cucumber.TestRunner.AdminCertificateTypeRunner" time="25.001" errors="0" timestamp="11 Dec 2023 13:06:45 GMT">
  <testcase classname="com.cucumber.TestRunner.AdminCertificateTypeRunner" name="feature" time="25.001"/>
</testsuite> <!-- com.cucumber.TestRunner.AdminCertificateTypeRunner -->
