<?xml version="1.0" encoding="UTF-8"?>
<!-- Generated by org.testng.reporters.JUnitReportReporter -->
<testsuite hostname="DESKTOP-2CV4BMU" name="com.cucumber.TestRunner.CourseMasteryRunner" tests="1" failures="0" timestamp="7 Dec 2022 11:19:22 GMT" time="102.485" errors="0">
  <testcase name="feature" time="102.485" classname="com.cucumber.TestRunner.CourseMasteryRunner"/>
</testsuite> <!-- com.cucumber.TestRunner.CourseMasteryRunner -->
