<?xml version="1.0" encoding="UTF-8"?>
<!-- Generated by org.testng.reporters.JUnitReportReporter -->
<testsuite hostname="DESKTOP-2CV4BMU" name="com.cucumber.TestRunner.DroppingCourseRunner" tests="1" failures="0" timestamp="7 Dec 2022 11:19:22 GMT" time="63.528" errors="0">
  <testcase name="feature" time="63.528" classname="com.cucumber.TestRunner.DroppingCourseRunner"/>
</testsuite> <!-- com.cucumber.TestRunner.DroppingCourseRunner -->
