<?xml version="1.0" encoding="UTF-8"?>
<!-- Generated by org.testng.reporters.JUnitReportReporter -->
<testsuite hostname="DESKTOP-2CV4BMU" name="com.cucumber.TestRunner.GizmosRunner" tests="1" failures="0" timestamp="16 Nov 2022 05:34:53 GMT" time="269.241" errors="0">
  <testcase name="feature" time="269.241" classname="com.cucumber.TestRunner.GizmosRunner"/>
</testsuite> <!-- com.cucumber.TestRunner.GizmosRunner -->
