<?xml version="1.0" encoding="UTF-8"?>
<!-- Generated by org.testng.reporters.JUnitReportReporter -->
<testsuite hostname="DESKTOP-2CV4BMU" name="com.cucumber.TestRunner.AnnouncementsPageRunner" tests="1" failures="0" timestamp="18 Nov 2022 05:46:36 GMT" time="62.836" errors="0">
  <testcase name="feature" time="62.836" classname="com.cucumber.TestRunner.AnnouncementsPageRunner"/>
</testsuite> <!-- com.cucumber.TestRunner.AnnouncementsPageRunner -->
