<?xml version="1.0" encoding="UTF-8"?>
<!-- Generated by org.testng.reporters.JUnitReportReporter -->
<testsuite hostname="DESKTOP-2CV4BMU" name="com.cucumber.TestRunner.MagicHatRunner" tests="1" failures="0" timestamp="23 Nov 2022 08:24:57 GMT" time="137.702" errors="0">
  <testcase name="feature" time="137.702" classname="com.cucumber.TestRunner.MagicHatRunner"/>
</testsuite> <!-- com.cucumber.TestRunner.MagicHatRunner -->
