<?xml version="1.0" encoding="UTF-8"?>
<!-- Generated by org.testng.reporters.JUnitReportReporter -->
<testsuite hostname="DESKTOP-2CV4BMU" name="com.cucumber.TestRunner.SchoolYearDropDownRunner" tests="1" failures="0" timestamp="14 Oct 2022 06:04:07 GMT" time="33.494" errors="0">
  <testcase name="feature" time="33.494" classname="com.cucumber.TestRunner.SchoolYearDropDownRunner"/>
</testsuite> <!-- com.cucumber.TestRunner.SchoolYearDropDownRunner -->
