<?xml version="1.0" encoding="UTF-8"?>
<!-- Generated by org.testng.reporters.JUnitReportReporter -->
<testsuite hostname="DESKTOP-H3BL2K3" failures="0" tests="1" name="com.cucumber.TestRunner.UserManagementDropDwnRunner" time="45.518" errors="0" timestamp="2024-01-31T10:14:01 IST" skipped="0">
  <testcase classname="com.cucumber.TestRunner.UserManagementDropDwnRunner" name="feature" time="45.518"/>
  <system-out>
    <![CDATA[About to begin executing following method : AbstractTestNGCucumberTests.feature
Completed executing following method : AbstractTestNGCucumberTests.feature
Test Method resides in com.cucumber.TestRunner.UserManagementDropDwnRunner
Test Method had the following parameters : nullAdministrator - Check the flow of all User Management Drop Down Handle,
Test Status: Pass]]>
  </system-out>
</testsuite> <!-- com.cucumber.TestRunner.UserManagementDropDwnRunner -->
