<?xml version="1.0" encoding="UTF-8"?>
<!-- Generated by org.testng.reporters.JUnitReportReporter -->
<testsuite hostname="DESKTOP-DSBT63E" failures="0" tests="1" name="com.cucumber.TestRunner.UserGenerateSingleWithoutApprovalRunner" time="71.714" errors="0" timestamp="12 Dec 2023 05:29:09 GMT">
  <testcase classname="com.cucumber.TestRunner.UserGenerateSingleWithoutApprovalRunner" name="feature" time="71.714"/>
</testsuite> <!-- com.cucumber.TestRunner.UserGenerateSingleWithoutApprovalRunner -->
