<?xml version="1.0" encoding="UTF-8"?>
<!-- Generated by org.testng.reporters.JUnitReportReporter -->
<testsuite hostname="DESKTOP-2CV4BMU" name="com.cucumber.TestRunner.EnrollNewCourseRunner" tests="1" failures="0" timestamp="7 Dec 2022 11:00:20 GMT" time="104.794" errors="0">
  <testcase name="feature" time="104.794" classname="com.cucumber.TestRunner.EnrollNewCourseRunner"/>
</testsuite> <!-- com.cucumber.TestRunner.EnrollNewCourseRunner -->
