<?xml version="1.0" encoding="UTF-8"?>
<!-- Generated by org.testng.reporters.JUnitReportReporter -->
<testsuite hostname="DESKTOP-2CV4BMU" name="com.cucumber.TestRunner.WatchYourStepRunner" tests="1" failures="0" timestamp="23 Nov 2022 12:02:29 GMT" time="275.527" errors="0">
  <testcase name="feature" time="275.527" classname="com.cucumber.TestRunner.WatchYourStepRunner"/>
</testsuite> <!-- com.cucumber.TestRunner.WatchYourStepRunner -->
