<?xml version="1.0" encoding="UTF-8"?>
<!-- Generated by org.testng.reporters.JUnitReportReporter -->
<testsuite hostname="DESKTOP-2CV4BMU" name="com.cucumber.TestRunner.TeacherGradingRunner" tests="1" failures="0" timestamp="7 Dec 2022 11:11:17 GMT" time="168.653" errors="0">
  <testcase name="feature" time="168.653" classname="com.cucumber.TestRunner.TeacherGradingRunner"/>
</testsuite> <!-- com.cucumber.TestRunner.TeacherGradingRunner -->
