<?xml version="1.0" encoding="UTF-8"?>
<!-- Generated by org.testng.reporters.JUnitReportReporter -->
<testsuite hostname="DESKTOP-2CV4BMU" name="com.cucumber.TestRunner.PuppyFetchRunner" tests="1" failures="0" timestamp="23 Nov 2022 11:06:57 GMT" time="196.200" errors="0">
  <testcase name="feature" time="196.200" classname="com.cucumber.TestRunner.PuppyFetchRunner"/>
</testsuite> <!-- com.cucumber.TestRunner.PuppyFetchRunner -->
