<?xml version="1.0" encoding="UTF-8"?>
<!-- Generated by org.testng.reporters.JUnitReportReporter -->
<testsuite hostname="DESKTOP-2CV4BMU" name="com.cucumber.TestRunner.ClearAllAttemptsRunner" tests="1" failures="0" timestamp="17 Nov 2022 13:09:08 GMT" time="67.487" errors="0">
  <testcase name="feature" time="67.487" classname="com.cucumber.TestRunner.ClearAllAttemptsRunner"/>
</testsuite> <!-- com.cucumber.TestRunner.ClearAllAttemptsRunner -->
