<?xml version="1.0" encoding="UTF-8"?>
<!-- Generated by org.testng.reporters.JUnitReportReporter -->
<testsuite hostname="DESKTOP-2CV4BMU" name="com.cucumber.TestRunner.LessonVideoRunner" tests="1" failures="0" timestamp="23 Nov 2022 11:06:57 GMT" time="78.695" errors="0">
  <testcase name="feature" time="78.695" classname="com.cucumber.TestRunner.LessonVideoRunner"/>
</testsuite> <!-- com.cucumber.TestRunner.LessonVideoRunner -->
