<?xml version="1.0" encoding="UTF-8"?>
<!-- Generated by org.testng.reporters.JUnitReportReporter -->
<testsuite hostname="DESKTOP-2CV4BMU" name="com.cucumber.TestRunner.ForumsDropDownRunner" tests="1" failures="0" timestamp="17 Nov 2022 09:26:49 GMT" time="52.703" errors="0">
  <testcase name="feature" time="52.703" classname="com.cucumber.TestRunner.ForumsDropDownRunner"/>
</testsuite> <!-- com.cucumber.TestRunner.ForumsDropDownRunner -->
