<?xml version="1.0" encoding="UTF-8"?>
<!-- Generated by org.testng.reporters.JUnitReportReporter -->
<testsuite hostname="DESKTOP-H3BL2K3" failures="0" tests="1" name="com.cucumber.TestRunner.CreateNewUserRunner" time="60.468" errors="0" timestamp="2024-01-31T10:14:01 IST" skipped="0">
  <testcase classname="com.cucumber.TestRunner.CreateNewUserRunner" name="feature" time="60.468"/>
  <system-out>
    <![CDATA[About to begin executing following method : AbstractTestNGCucumberTests.feature
Completed executing following method : AbstractTestNGCucumberTests.feature
Test Method resides in com.cucumber.TestRunner.CreateNewUserRunner
Test Method had the following parameters : nullAdministrator - Check the flow of Create New User,
Test Status: Pass]]>
  </system-out>
</testsuite> <!-- com.cucumber.TestRunner.CreateNewUserRunner -->
