<?xml version="1.0" encoding="UTF-8"?>
<!-- Generated by org.testng.reporters.JUnitReportReporter -->
<testsuite hostname="DESKTOP-DSBT63E" failures="0" tests="1" name="com.cucumber.TestRunner.AdminReceiptsRunner" time="41.408" errors="0" timestamp="11 Dec 2023 17:12:35 GMT">
  <testcase classname="com.cucumber.TestRunner.AdminReceiptsRunner" name="feature" time="41.408"/>
</testsuite> <!-- com.cucumber.TestRunner.AdminReceiptsRunner -->
