<?xml version="1.0" encoding="UTF-8"?>
<!-- Generated by org.testng.reporters.JUnitReportReporter -->
<testsuite hostname="DESKTOP-DSBT63E" failures="0" tests="1" name="com.cucumber.TestRunner.UserNewMailEditRunner" time="22.596" errors="0" timestamp="11 Dec 2023 17:12:35 GMT">
  <testcase classname="com.cucumber.TestRunner.UserNewMailEditRunner" name="feature" time="22.596"/>
</testsuite> <!-- com.cucumber.TestRunner.UserNewMailEditRunner -->
