<?xml version="1.0" encoding="UTF-8"?>
<!-- Generated by org.testng.reporters.JUnitReportReporter -->
<testsuite hostname="DESKTOP-2CV4BMU" name="com.cucumber.TestRunner.StudentMessageadressbookSc_2Runner" tests="1" failures="0" timestamp="16 Nov 2022 05:50:50 GMT" time="183.507" errors="0">
  <testcase name="feature" time="183.507" classname="com.cucumber.TestRunner.StudentMessageadressbookSc_2Runner"/>
</testsuite> <!-- com.cucumber.TestRunner.StudentMessageadressbookSc_2Runner -->
