<?xml version="1.0" encoding="UTF-8"?>
<!-- Generated by org.testng.reporters.JUnitReportReporter -->
<testsuite hostname="LAKSHMITEJA" name="com.cucumber.TestRunner.LaunchapplicationRunner" tests="1" failures="0" timestamp="6 Apr 2023 12:31:52 GMT" time="1.506" errors="0">
  <testcase name="feature" time="1.506" classname="com.cucumber.TestRunner.LaunchapplicationRunner"/>
</testsuite> <!-- com.cucumber.TestRunner.LaunchapplicationRunner -->
