<?xml version="1.0" encoding="UTF-8"?>
<!-- Generated by org.testng.reporters.JUnitReportReporter -->
<testsuite hostname="DESKTOP-2CV4BMU" name="com.cucumber.TestRunner.ESWHelpOtherInformationRunner" tests="1" failures="0" timestamp="16 Nov 2022 12:28:21 GMT" time="53.602" errors="0">
  <testcase name="feature" time="53.602" classname="com.cucumber.TestRunner.ESWHelpOtherInformationRunner"/>
</testsuite> <!-- com.cucumber.TestRunner.ESWHelpOtherInformationRunner -->
