<?xml version="1.0" encoding="UTF-8"?>
<!-- Generated by org.testng.reporters.JUnitReportReporter -->
<testsuite hostname="DESKTOP-DSBT63E" failures="0" tests="1" name="com.cucumber.TestRunner.OrgMgmtViewInstitutionsRunner" time="46.256" errors="0" timestamp="11 Dec 2023 17:12:35 GMT">
  <testcase classname="com.cucumber.TestRunner.OrgMgmtViewInstitutionsRunner" name="feature" time="46.256"/>
</testsuite> <!-- com.cucumber.TestRunner.OrgMgmtViewInstitutionsRunner -->
