<?xml version="1.0" encoding="UTF-8"?>
<!-- Generated by org.testng.reporters.JUnitReportReporter -->
<testsuite hostname="DESKTOP-2CV4BMU" name="com.cucumber.TestRunner.StudentApplicationandEditPasswordRunner" tests="1" failures="0" timestamp="16 Nov 2022 10:51:32 GMT" time="213.840" errors="0">
  <testcase name="feature" time="213.840" classname="com.cucumber.TestRunner.StudentApplicationandEditPasswordRunner"/>
</testsuite> <!-- com.cucumber.TestRunner.StudentApplicationandEditPasswordRunner -->
