<?xml version="1.0" encoding="UTF-8"?>
<!-- Generated by org.testng.reporters.JUnitReportReporter -->
<testsuite hostname="DESKTOP-2CV4BMU" name="com.cucumber.TestRunner.MyAdvisorPortletRunner" tests="1" failures="0" timestamp="18 Nov 2022 05:46:36 GMT" time="18.202" errors="0">
  <testcase name="feature" time="18.202" classname="com.cucumber.TestRunner.MyAdvisorPortletRunner"/>
</testsuite> <!-- com.cucumber.TestRunner.MyAdvisorPortletRunner -->
