<?xml version="1.0" encoding="UTF-8"?>
<!-- Generated by org.testng.reporters.JUnitReportReporter -->
<testsuite hostname="DESKTOP-DSBT63E" failures="0" tests="1" name="com.cucumber.TestRunner.UserVerificationURLRunner" time="12.005" errors="0" timestamp="11 Dec 2023 17:12:35 GMT">
  <testcase classname="com.cucumber.TestRunner.UserVerificationURLRunner" name="feature" time="12.005"/>
</testsuite> <!-- com.cucumber.TestRunner.UserVerificationURLRunner -->
