<?xml version="1.0" encoding="UTF-8"?>
<!-- Generated by org.testng.reporters.JUnitReportReporter -->
<testsuite hostname="DESKTOP-CC0KGB9" name="com.cucumber.TestRunner.UnitOneAssessmentRunner" tests="1" failures="0" timestamp="17 Aug 2022 18:16:37 GMT" time="99.803" errors="0">
  <testcase name="feature" time="99.803" classname="com.cucumber.TestRunner.UnitOneAssessmentRunner"/>
</testsuite> <!-- com.cucumber.TestRunner.UnitOneAssessmentRunner -->
