<?xml version="1.0" encoding="UTF-8"?>
<!-- Generated by org.testng.reporters.JUnitReportReporter -->
<testsuite hostname="DESKTOP-DSBT63E" failures="0" tests="1" name="com.cucumber.TestRunner.AdminUpdateInstitutionRunner" time="30.677" errors="0" timestamp="12 Dec 2023 06:22:17 GMT">
  <testcase classname="com.cucumber.TestRunner.AdminUpdateInstitutionRunner" name="feature" time="30.677"/>
</testsuite> <!-- com.cucumber.TestRunner.AdminUpdateInstitutionRunner -->
