<?xml version="1.0" encoding="UTF-8"?>
<!-- Generated by org.testng.reporters.JUnitReportReporter -->
<testsuite hostname="DESKTOP-2CV4BMU" name="com.cucumber.TestRunner.PaintBallRunner" tests="1" failures="0" timestamp="23 Nov 2022 12:37:11 GMT" time="196.429" errors="0">
  <testcase name="feature" time="196.429" classname="com.cucumber.TestRunner.PaintBallRunner"/>
</testsuite> <!-- com.cucumber.TestRunner.PaintBallRunner -->
